collected_code/healed/problem-853.c:1:1: error: stray '`' in program
    1 | ```
      | ^
collected_code/healed/problem-853.c:1:2: error: stray '`' in program
    1 | ```
      |  ^
collected_code/healed/problem-853.c:1:3: error: stray '`' in program
    1 | ```
      |   ^
