collected_code/problem-853-0.c:1:1: error: stray '`' in program
    1 | ```
      | ^
collected_code/problem-853-0.c:1:2: error: stray '`' in program
    1 | ```
      |  ^
collected_code/problem-853-0.c:1:3: error: stray '`' in program
    1 | ```
      |   ^
