collected_code/problem-608-0.c:22:5: error: expected '=', ',', ';', 'asm' or '__attribute__' before ':' token
   22 | Note: Replace `n` with the desired value to find the nth Bell number.
      |     ^
collected_code/problem-608-0.c:22:15: error: stray '`' in program
   22 | Note: Replace `n` with the desired value to find the nth Bell number.
      |               ^
collected_code/problem-608-0.c:22:17: error: stray '`' in program
   22 | Note: Replace `n` with the desired value to find the nth Bell number.
      |                 ^
